<?xml version="1.0" encoding="utf-8"?><testsuites name="pytest tests"><testsuite name="pytest" errors="0" failures="0" skipped="0" tests="15" time="4.047" timestamp="2026-08-07T08:55:55.452914+00:00" hostname="agent-env-1878877e-a7b5-423e-babe-aaf516091ddc"><testcase classname="tests.test_csv_export.TestAuth" name="test_login_wrong" time="0.422" /><testcase classname="tests.test_csv_export.TestAuth" name="test_login_ok" time="0.318" /><testcase classname="tests.test_csv_export.TestAuth" name="test_me" time="0.104" /><testcase classname="tests.test_csv_export.TestAuth" name="test_customers_unauth" time="0.089" /><testcase classname="tests.test_csv_export.TestAuth" name="test_export_unauth" time="0.180" /><testcase classname="tests.test_csv_export.TestCsvFormat" name="test_export_products_bom_and_sep" time="0.128" /><testcase classname="tests.test_csv_export.TestCsvFormat" name="test_export_products_crlf_and_field_count" time="0.140" /><testcase classname="tests.test_csv_export.TestCsvFormat" name="test_export_movements_bom_and_sep" time="0.136" /><testcase classname="tests.test_csv_export.TestCsvFormat" name="test_content_disposition_has_utf8_filename" time="0.092" /><testcase classname="tests.test_csv_export.TestCsvFormat" name="test_semicolon_in_field_is_quoted" time="0.305" /><testcase classname="tests.test_csv_export.TestBulkImportRoundtrip" name="test_bulk_add_appears_in_export" time="0.376" /><testcase classname="tests.test_csv_export.TestRegression" name="test_product_crud" time="0.323" /><testcase classname="tests.test_csv_export.TestRegression" name="test_package_and_order_cancel_restores_stock" time="0.885" /><testcase classname="tests.test_csv_export.TestRegression" name="test_bulk_replace_mode" time="0.385" /><testcase classname="tests.test_csv_export.TestRegression" name="test_six_customers_seeded" time="0.088" /></testsuite></testsuites>